app/build/intermediates/manifest_merge_blame_file/debug/manifest-merger-blame-debug-report.txt
1<?xml version="1.0" encoding="utf-8"?>
2<manifest xmlns:android="http://schemas.android.com/apk/res/android"
3    package="org.pjsip.pjsua2.app"
4    android:versionCode="1"
5    android:versionName="1.0" >
6
7    <uses-sdk
7-->src/main/AndroidManifest.xml:7:5-8:41
8        android:minSdkVersion="1"
8-->src/main/AndroidManifest.xml:7:5-8:41
9        android:targetSdkVersion="30" />
9-->src/main/AndroidManifest.xml:8:9-38
10
11    <uses-permission android:name="android.permission.INTERNET" />
11-->src/main/AndroidManifest.xml:10:5-67
11-->src/main/AndroidManifest.xml:10:22-64
12    <uses-permission android:name="android.permission.CAMERA" />
12-->src/main/AndroidManifest.xml:11:5-65
12-->src/main/AndroidManifest.xml:11:22-62
13    <uses-permission android:name="android.permission.RECORD_AUDIO" />
13-->src/main/AndroidManifest.xml:12:5-71
13-->src/main/AndroidManifest.xml:12:22-68
14    <uses-permission android:name="android.permission.MODIFY_AUDIO_SETTINGS" />
14-->src/main/AndroidManifest.xml:13:5-80
14-->src/main/AndroidManifest.xml:13:22-77
15    <uses-permission android:name="android.permission.PROCESS_OUTGOING_CALLS" />
15-->src/main/AndroidManifest.xml:14:5-81
15-->src/main/AndroidManifest.xml:14:22-78
16    <uses-permission android:name="android.permission.WRITE_SETTINGS" />
16-->src/main/AndroidManifest.xml:15:5-73
16-->src/main/AndroidManifest.xml:15:22-70
17    <uses-permission android:name="android.permission.READ_PHONE_STATE" />
17-->src/main/AndroidManifest.xml:16:5-75
17-->src/main/AndroidManifest.xml:16:22-72
18    <uses-permission android:name="android.permission.ACCESS_WIFI_STATE" />
18-->src/main/AndroidManifest.xml:17:5-76
18-->src/main/AndroidManifest.xml:17:22-73
19    <uses-permission android:name="android.permission.ACCESS_NETWORK_STATE" />
19-->src/main/AndroidManifest.xml:18:5-79
19-->src/main/AndroidManifest.xml:18:22-76
20    <uses-permission android:name="android.permission.WAKE_LOCK" />
20-->src/main/AndroidManifest.xml:19:5-68
20-->src/main/AndroidManifest.xml:19:22-65
21    <uses-permission android:name="android.permission.VIBRATE" />
21-->src/main/AndroidManifest.xml:20:5-66
21-->src/main/AndroidManifest.xml:20:22-63
22    <uses-permission android:name="android.permission.READ_LOGS" />
22-->src/main/AndroidManifest.xml:21:5-68
22-->src/main/AndroidManifest.xml:21:22-65
23    <uses-permission android:name="android.permission.WRITE_EXTERNAL_STORAGE" />
23-->src/main/AndroidManifest.xml:22:5-81
23-->src/main/AndroidManifest.xml:22:22-78
24
25    <uses-feature
25-->src/main/AndroidManifest.xml:24:5-79
26        android:glEsVersion="0x00020000"
26-->src/main/AndroidManifest.xml:24:19-51
27        android:required="false" />
27-->src/main/AndroidManifest.xml:24:52-76
28
29    <application
29-->src/main/AndroidManifest.xml:26:5-45:19
30        android:allowBackup="true"
30-->src/main/AndroidManifest.xml:27:9-35
31        android:debuggable="true"
32        android:icon="@drawable/ic_launcher"
32-->src/main/AndroidManifest.xml:28:9-45
33        android:label="@string/app_name"
33-->src/main/AndroidManifest.xml:29:9-41
34        android:testOnly="true"
35        android:theme="@style/AppTheme" >
35-->src/main/AndroidManifest.xml:30:9-40
36        <activity
36-->src/main/AndroidManifest.xml:31:9-39:20
37            android:name="org.pjsip.pjsua2.app.MainActivity"
37-->src/main/AndroidManifest.xml:32:13-61
38            android:label="@string/app_name" >
38-->src/main/AndroidManifest.xml:33:13-45
39            <intent-filter>
39-->src/main/AndroidManifest.xml:34:13-38:29
40                <action android:name="android.intent.action.MAIN" />
40-->src/main/AndroidManifest.xml:35:17-69
40-->src/main/AndroidManifest.xml:35:25-66
41
42                <category android:name="android.intent.category.LAUNCHER" />
42-->src/main/AndroidManifest.xml:37:17-77
42-->src/main/AndroidManifest.xml:37:27-74
43            </intent-filter>
44        </activity>
45        <activity
45-->src/main/AndroidManifest.xml:40:9-44:20
46            android:name="org.pjsip.pjsua2.app.CallActivity"
46-->src/main/AndroidManifest.xml:41:13-61
47            android:configChanges="orientation|keyboardHidden|screenSize"
47-->src/main/AndroidManifest.xml:42:13-74
48            android:label="@string/title_activity_call" >
48-->src/main/AndroidManifest.xml:43:13-56
49        </activity>
50    </application>
51
52</manifest>